
> bd_counsel_auth@1.0.0 start
> nodemon index.js

[33m[nodemon] 3.1.10[39m
[33m[nodemon] to restart at any time, enter `rs`[39m
[33m[nodemon] watching path(s): *.*[39m
[33m[nodemon] watching extensions: js,mjs,cjs,json[39m
[32m[nodemon] starting `node index.js`[39m
[dotenv@17.2.0] injecting env (3) from .env (tip: ⚙️  specify custom .env file path with { path: '/custom/path/.env' })
Server is running at 
 http://localhost:5000
mongoose connected successfully--
{ path: '/login_with_token', method: 'PUT', time: '7:55:23.674' }
0s:650ms -- consumed time
0s:323ms -- consumed time
[32m[nodemon] restarting due to changes...[39m
[32m[nodemon] starting `node index.js`[39m
Terminate batch job (Y/N)? ^C

> bd_counsel_auth@1.0.0 start
> nodemon index.js

[33m[nodemon] 3.1.10[39m
[33m[nodemon] to restart at any time, enter `rs`[39m
[33m[nodemon] watching path(s): *.*[39m
[33m[nodemon] watching extensions: js,mjs,cjs,json[39m
[32m[nodemon] starting `node index.js`[39m
[dotenv@17.2.0] injecting env (3) from .env (tip: 🔐 encrypt with dotenvx: https://dotenvx.com)
Server is running at 
 http://localhost:5000
mongoose connected successfully--
{ path: '/login_with_token', method: 'PUT', time: '8:08:9.239' }
/login_with_token  :  Get Token ---  : 0s : 316ms -- consumed time
/login_with_token  :  Get User ---  : 0s : 642ms -- consumed time
[32m[nodemon] restarting due to changes...[39m
[32m[nodemon] starting `node index.js`[39m
[dotenv@17.2.0] injecting env (3) from .env (tip: ⚙️  load multiple .env files with { path: ['.env.local', '.env'] })
Terminate batch job (Y/N)? 
^C